<?xml version="1.0" encoding="UTF-8"?>
<!-- Generated by org.testng.reporters.JUnitReportReporter -->
<testsuite skipped="0" hostname="LAPTOP-A7NKUG7S" name="selenium_practice.fb_test" tests="2" failures="0" timestamp="2020-08-02T21:20:48 IST" time="33.902" errors="0">
  <testcase name="verifytitle" time="13.078" classname="selenium_practice.fb_test"/>
  <system-out/>
  <testcase name="login" time="20.824" classname="selenium_practice.fb_test"/>
  <system-out/>
</testsuite> <!-- selenium_practice.fb_test -->
