<?xml version="1.0" encoding="UTF-8"?>
<!-- Generated by org.testng.reporters.JUnitReportReporter -->
<testsuite skipped="0" hostname="LAPTOP-A7NKUG7S" name="selenium_practice.pagetest" tests="1" failures="0" timestamp="2020-08-02T13:38:59 IST" time="1.162" errors="0">
  <testcase name="test" time="1.162" classname="selenium_practice.pagetest"/>
  <system-out/>
</testsuite> <!-- selenium_practice.pagetest -->
